<?xml version="1.0" encoding="UTF-8"?>
<!-- Generated by org.testng.reporters.JUnitReportReporter -->
<testsuite hostname="LAPTOP-Q4RORAGV" failures="0" tests="1" name="com.shoptimize.Shoptimize.Automation.ShoptimizeApplication" time="16.096" errors="0" timestamp="2021-05-21T21:04:15 IST" skipped="0">
  <testcase classname="com.shoptimize.Shoptimize.Automation.ShoptimizeApplication" name="Test" time="16.096"/>
  <system-out/>
</testsuite> <!-- com.shoptimize.Shoptimize.Automation.ShoptimizeApplication -->
